<?xml version="1.0" encoding="UTF-8"?>
<coverage generated="1601028955839" clover="3.2.0">
  <project timestamp="1601028955839" name="All files">
    <metrics statements="52" coveredstatements="49" conditionals="39" coveredconditionals="36" methods="13" coveredmethods="11" elements="104" coveredelements="96" complexity="0" loc="52" ncloc="52" packages="1" files="1" classes="1"/>
    <file name="index.js" path="/home/mario/Projects/peer8/moleculer-db/packages/moleculer-db-adapter-mongoose/src/index.js">
      <metrics statements="52" coveredstatements="49" conditionals="39" coveredconditionals="36" methods="13" coveredmethods="11"/>
      <line num="9" count="1" type="stmt"/>
      <line num="10" count="1" type="stmt"/>
      <line num="11" count="1" type="stmt"/>
      <line num="13" count="1" type="stmt"/>
      <line num="14" count="1" type="stmt"/>
      <line num="15" count="1" type="stmt"/>
      <line num="16" count="1" type="stmt"/>
      <line num="28" count="4" type="stmt"/>
      <line num="30" count="4" type="cond" truecount="3" falsecount="0"/>
      <line num="42" count="4" type="stmt"/>
      <line num="43" count="4" type="stmt"/>
      <line num="45" count="4" type="cond" truecount="2" falsecount="0"/>
      <line num="46" count="1" type="stmt"/>
      <line num="47" count="3" type="cond" truecount="2" falsecount="0"/>
      <line num="48" count="2" type="cond" truecount="2" falsecount="0"/>
      <line num="49" count="1" type="stmt"/>
      <line num="51" count="1" type="stmt"/>
      <line num="52" count="1" type="stmt"/>
      <line num="55" count="3" type="cond" truecount="4" falsecount="0"/>
      <line num="69" count="2" type="stmt"/>
      <line num="71" count="2" type="stmt"/>
      <line num="72" count="2" type="stmt"/>
      <line num="75" count="2" type="stmt"/>
      <line num="76" count="2" type="stmt"/>
      <line num="79" count="0" type="stmt"/>
      <line num="90" count="1" type="stmt"/>
      <line num="91" count="1" type="cond" truecount="3" falsecount="1"/>
      <line num="92" count="1" type="stmt"/>
      <line num="94" count="0" type="stmt"/>
      <line num="107" count="2" type="stmt"/>
      <line num="108" count="2" type="cond" truecount="4" falsecount="0"/>
      <line num="109" count="1" type="stmt"/>
      <line num="110" count="1" type="cond" truecount="3" falsecount="1"/>
      <line num="111" count="1" type="stmt"/>
      <line num="113" count="2" type="stmt"/>
      <line num="124" count="2" type="cond" truecount="4" falsecount="0"/>
      <line num="125" count="1" type="stmt"/>
      <line num="126" count="1" type="stmt"/>
      <line num="127" count="1" type="stmt"/>
      <line num="128" count="1" type="stmt"/>
      <line num="131" count="1" type="stmt"/>
      <line num="142" count="2" type="cond" truecount="2" falsecount="0"/>
      <line num="143" count="1" type="stmt"/>
      <line num="144" count="1" type="stmt"/>
      <line num="146" count="2" type="stmt"/>
      <line num="156" count="2" type="cond" truecount="4" falsecount="0"/>
      <line num="157" count="1" type="stmt"/>
      <line num="158" count="1" type="stmt"/>
      <line num="168" count="2" type="cond" truecount="3" falsecount="1"/>
      <line num="169" count="2" type="stmt"/>
      <line num="170" count="0" type="stmt"/>
      <line num="175" count="1" type="stmt"/>
    </file>
  </project>
</coverage>
