{"/home/mario/Projects/peer8/moleculer-db/packages/moleculer-db-adapter-mongoose/src/index.js": {"path":"/home/mario/Projects/peer8/moleculer-db/packages/moleculer-db-adapter-mongoose/src/index.js","statementMap":{"0":{"start":{"line":9,"column":16},"end":{"line":9,"column":35}},"1":{"start":{"line":10,"column":31},"end":{"line":10,"column":58}},"2":{"start":{"line":11,"column":18},"end":{"line":11,"column":37}},"3":{"start":{"line":13,"column":0},"end":{"line":13,"column":38}},"4":{"start":{"line":14,"column":0},"end":{"line":14,"column":41}},"5":{"start":{"line":15,"column":0},"end":{"line":15,"column":40}},"6":{"start":{"line":16,"column":0},"end":{"line":16,"column":37}},"7":{"start":{"line":28,"column":2},"end":{"line":29,"column":19}},"8":{"start":{"line":30,"column":2},"end":{"line":30,"column":60}},"9":{"start":{"line":42,"column":2},"end":{"line":42,"column":23}},"10":{"start":{"line":43,"column":2},"end":{"line":43,"column":25}},"11":{"start":{"line":45,"column":2},"end":{"line":53,"column":3}},"12":{"start":{"line":46,"column":3},"end":{"line":46,"column":42}},"13":{"start":{"line":47,"column":9},"end":{"line":53,"column":3}},"14":{"start":{"line":48,"column":3},"end":{"line":50,"column":4}},"15":{"start":{"line":49,"column":4},"end":{"line":49,"column":105}},"16":{"start":{"line":51,"column":3},"end":{"line":51,"column":44}},"17":{"start":{"line":52,"column":3},"end":{"line":52,"column":50}},"18":{"start":{"line":55,"column":2},"end":{"line":58,"column":3}},"19":{"start":{"line":69,"column":4},"end":{"line":77,"column":8}},"20":{"start":{"line":71,"column":8},"end":{"line":71,"column":80}},"21":{"start":{"line":72,"column":8},"end":{"line":72,"column":38}},"22":{"start":{"line":75,"column":8},"end":{"line":75,"column":85}},"23":{"start":{"line":75,"column":35},"end":{"line":75,"column":83}},"24":{"start":{"line":76,"column":8},"end":{"line":76,"column":101}},"25":{"start":{"line":76,"column":38},"end":{"line":76,"column":99}},"26":{"start":{"line":79,"column":4},"end":{"line":79,"column":61}},"27":{"start":{"line":90,"column":2},"end":{"line":96,"column":5}},"28":{"start":{"line":91,"column":3},"end":{"line":95,"column":4}},"29":{"start":{"line":92,"column":4},"end":{"line":92,"column":27}},"30":{"start":{"line":94,"column":4},"end":{"line":94,"column":39}},"31":{"start":{"line":107,"column":13},"end":{"line":107,"column":28}},"32":{"start":{"line":108,"column":2},"end":{"line":112,"column":3}},"33":{"start":{"line":109,"column":3},"end":{"line":109,"column":39}},"34":{"start":{"line":110,"column":9},"end":{"line":112,"column":3}},"35":{"start":{"line":111,"column":3},"end":{"line":111,"column":36}},"36":{"start":{"line":113,"column":2},"end":{"line":113,"column":14}},"37":{"start":{"line":124,"column":4},"end":{"line":129,"column":3}},"38":{"start":{"line":125,"column":24},"end":{"line":125,"column":49}},"39":{"start":{"line":126,"column":3},"end":{"line":126,"column":58}},"40":{"start":{"line":127,"column":3},"end":{"line":127,"column":29}},"41":{"start":{"line":128,"column":6},"end":{"line":128,"column":23}},"42":{"start":{"line":131,"column":2},"end":{"line":131,"column":16}},"43":{"start":{"line":142,"column":2},"end":{"line":145,"column":3}},"44":{"start":{"line":143,"column":3},"end":{"line":143,"column":58}},"45":{"start":{"line":144,"column":3},"end":{"line":144,"column":21}},"46":{"start":{"line":146,"column":2},"end":{"line":146,"column":16}},"47":{"start":{"line":156,"column":2},"end":{"line":157,"column":49}},"48":{"start":{"line":157,"column":3},"end":{"line":157,"column":49}},"49":{"start":{"line":158,"column":2},"end":{"line":158,"column":12}},"50":{"start":{"line":168,"column":2},"end":{"line":169,"column":24}},"51":{"start":{"line":169,"column":3},"end":{"line":169,"column":24}},"52":{"start":{"line":170,"column":2},"end":{"line":170,"column":12}},"53":{"start":{"line":175,"column":0},"end":{"line":175,"column":35}}},"fnMap":{"0":{"name":"(anonymous_0)","decl":{"start":{"line":27,"column":1},"end":{"line":27,"column":2}},"loc":{"start":{"line":27,"column":24},"end":{"line":31,"column":2}},"line":27},"1":{"name":"(anonymous_1)","decl":{"start":{"line":41,"column":1},"end":{"line":41,"column":2}},"loc":{"start":{"line":41,"column":23},"end":{"line":59,"column":2}},"line":41},"2":{"name":"(anonymous_2)","decl":{"start":{"line":68,"column":2},"end":{"line":68,"column":3}},"loc":{"start":{"line":68,"column":12},"end":{"line":80,"column":3}},"line":68},"3":{"name":"(anonymous_3)","decl":{"start":{"line":70,"column":12},"end":{"line":70,"column":13}},"loc":{"start":{"line":70,"column":18},"end":{"line":77,"column":7}},"line":70},"4":{"name":"(anonymous_4)","decl":{"start":{"line":75,"column":28},"end":{"line":75,"column":29}},"loc":{"start":{"line":75,"column":35},"end":{"line":75,"column":83}},"line":75},"5":{"name":"(anonymous_5)","decl":{"start":{"line":76,"column":32},"end":{"line":76,"column":33}},"loc":{"start":{"line":76,"column":38},"end":{"line":76,"column":99}},"line":76},"6":{"name":"(anonymous_6)","decl":{"start":{"line":89,"column":1},"end":{"line":89,"column":2}},"loc":{"start":{"line":89,"column":14},"end":{"line":97,"column":2}},"line":89},"7":{"name":"(anonymous_7)","decl":{"start":{"line":90,"column":21},"end":{"line":90,"column":22}},"loc":{"start":{"line":90,"column":32},"end":{"line":96,"column":3}},"line":90},"8":{"name":"(anonymous_8)","decl":{"start":{"line":106,"column":1},"end":{"line":106,"column":2}},"loc":{"start":{"line":106,"column":24},"end":{"line":114,"column":2}},"line":106},"9":{"name":"(anonymous_9)","decl":{"start":{"line":123,"column":1},"end":{"line":123,"column":2}},"loc":{"start":{"line":123,"column":41},"end":{"line":132,"column":2}},"line":123},"10":{"name":"(anonymous_10)","decl":{"start":{"line":141,"column":1},"end":{"line":141,"column":2}},"loc":{"start":{"line":141,"column":44},"end":{"line":147,"column":2}},"line":141},"11":{"name":"(anonymous_11)","decl":{"start":{"line":155,"column":1},"end":{"line":155,"column":2}},"loc":{"start":{"line":155,"column":23},"end":{"line":159,"column":2}},"line":155},"12":{"name":"(anonymous_12)","decl":{"start":{"line":167,"column":1},"end":{"line":167,"column":2}},"loc":{"start":{"line":167,"column":23},"end":{"line":171,"column":2}},"line":167}},"branchMap":{"0":{"loc":{"start":{"line":30,"column":21},"end":{"line":30,"column":59}},"type":"binary-expr","locations":[{"start":{"line":30,"column":21},"end":{"line":30,"column":25}},{"start":{"line":30,"column":29},"end":{"line":30,"column":48}},{"start":{"line":30,"column":52},"end":{"line":30,"column":59}}],"line":30},"1":{"loc":{"start":{"line":45,"column":2},"end":{"line":53,"column":3}},"type":"if","locations":[{"start":{"line":45,"column":2},"end":{"line":53,"column":3}},{"start":{"line":45,"column":2},"end":{"line":53,"column":3}}],"line":45},"2":{"loc":{"start":{"line":47,"column":9},"end":{"line":53,"column":3}},"type":"if","locations":[{"start":{"line":47,"column":9},"end":{"line":53,"column":3}},{"start":{"line":47,"column":9},"end":{"line":53,"column":3}}],"line":47},"3":{"loc":{"start":{"line":48,"column":3},"end":{"line":50,"column":4}},"type":"if","locations":[{"start":{"line":48,"column":3},"end":{"line":50,"column":4}},{"start":{"line":48,"column":3},"end":{"line":50,"column":4}}],"line":48},"4":{"loc":{"start":{"line":55,"column":2},"end":{"line":58,"column":3}},"type":"if","locations":[{"start":{"line":55,"column":2},"end":{"line":58,"column":3}},{"start":{"line":55,"column":2},"end":{"line":58,"column":3}}],"line":55},"5":{"loc":{"start":{"line":55,"column":6},"end":{"line":55,"column":33}},"type":"binary-expr","locations":[{"start":{"line":55,"column":6},"end":{"line":55,"column":17}},{"start":{"line":55,"column":21},"end":{"line":55,"column":33}}],"line":55},"6":{"loc":{"start":{"line":91,"column":3},"end":{"line":95,"column":4}},"type":"if","locations":[{"start":{"line":91,"column":3},"end":{"line":95,"column":4}},{"start":{"line":91,"column":3},"end":{"line":95,"column":4}}],"line":91},"7":{"loc":{"start":{"line":91,"column":7},"end":{"line":91,"column":31}},"type":"binary-expr","locations":[{"start":{"line":91,"column":7},"end":{"line":91,"column":14}},{"start":{"line":91,"column":18},"end":{"line":91,"column":31}}],"line":91},"8":{"loc":{"start":{"line":108,"column":2},"end":{"line":112,"column":3}},"type":"if","locations":[{"start":{"line":108,"column":2},"end":{"line":112,"column":3}},{"start":{"line":108,"column":2},"end":{"line":112,"column":3}}],"line":108},"9":{"loc":{"start":{"line":108,"column":6},"end":{"line":108,"column":42}},"type":"binary-expr","locations":[{"start":{"line":108,"column":6},"end":{"line":108,"column":16}},{"start":{"line":108,"column":20},"end":{"line":108,"column":42}}],"line":108},"10":{"loc":{"start":{"line":110,"column":9},"end":{"line":112,"column":3}},"type":"if","locations":[{"start":{"line":110,"column":9},"end":{"line":112,"column":3}},{"start":{"line":110,"column":9},"end":{"line":112,"column":3}}],"line":110},"11":{"loc":{"start":{"line":110,"column":13},"end":{"line":110,"column":46}},"type":"binary-expr","locations":[{"start":{"line":110,"column":13},"end":{"line":110,"column":23}},{"start":{"line":110,"column":27},"end":{"line":110,"column":46}}],"line":110},"12":{"loc":{"start":{"line":124,"column":4},"end":{"line":129,"column":3}},"type":"if","locations":[{"start":{"line":124,"column":4},"end":{"line":129,"column":3}},{"start":{"line":124,"column":4},"end":{"line":129,"column":3}}],"line":124},"13":{"loc":{"start":{"line":124,"column":8},"end":{"line":124,"column":58}},"type":"binary-expr","locations":[{"start":{"line":124,"column":8},"end":{"line":124,"column":25}},{"start":{"line":124,"column":29},"end":{"line":124,"column":58}}],"line":124},"14":{"loc":{"start":{"line":142,"column":2},"end":{"line":145,"column":3}},"type":"if","locations":[{"start":{"line":142,"column":2},"end":{"line":145,"column":3}},{"start":{"line":142,"column":2},"end":{"line":145,"column":3}}],"line":142},"15":{"loc":{"start":{"line":156,"column":2},"end":{"line":157,"column":49}},"type":"if","locations":[{"start":{"line":156,"column":2},"end":{"line":157,"column":49}},{"start":{"line":156,"column":2},"end":{"line":157,"column":49}}],"line":156},"16":{"loc":{"start":{"line":156,"column":6},"end":{"line":156,"column":66}},"type":"binary-expr","locations":[{"start":{"line":156,"column":6},"end":{"line":156,"column":27}},{"start":{"line":156,"column":31},"end":{"line":156,"column":66}}],"line":156},"17":{"loc":{"start":{"line":168,"column":2},"end":{"line":169,"column":24}},"type":"if","locations":[{"start":{"line":168,"column":2},"end":{"line":169,"column":24}},{"start":{"line":168,"column":2},"end":{"line":169,"column":24}}],"line":168},"18":{"loc":{"start":{"line":168,"column":5},"end":{"line":168,"column":22}},"type":"binary-expr","locations":[{"start":{"line":168,"column":5},"end":{"line":168,"column":7}},{"start":{"line":168,"column":11},"end":{"line":168,"column":22}}],"line":168}},"s":{"0":1,"1":1,"2":1,"3":1,"4":1,"5":1,"6":1,"7":4,"8":4,"9":4,"10":4,"11":4,"12":1,"13":3,"14":2,"15":1,"16":1,"17":1,"18":3,"19":2,"20":2,"21":2,"22":2,"23":0,"24":2,"25":0,"26":0,"27":1,"28":1,"29":1,"30":0,"31":2,"32":2,"33":1,"34":1,"35":1,"36":2,"37":2,"38":1,"39":1,"40":1,"41":1,"42":1,"43":2,"44":1,"45":1,"46":2,"47":2,"48":1,"49":1,"50":2,"51":2,"52":0,"53":1},"f":{"0":4,"1":4,"2":2,"3":2,"4":0,"5":0,"6":1,"7":1,"8":2,"9":2,"10":2,"11":2,"12":2},"b":{"0":[4,1,4],"1":[1,3],"2":[2,1],"3":[1,1],"4":[1,2],"5":[3,2],"6":[1,0],"7":[1,1],"8":[1,1],"9":[2,2],"10":[1,0],"11":[1,1],"12":[1,1],"13":[2,2],"14":[1,1],"15":[1,1],"16":[2,1],"17":[2,0],"18":[2,2]},"_coverageSchema":"1a1c01bbd47fc00a2c39e90264f33305004495a9","hash":"7c35ea278d7e7db257222acf6db40b51e5ad4401"}
}
