TN:
SF:src/index.js
FN:27,(anonymous_0)
FN:41,(anonymous_1)
FN:68,(anonymous_2)
FN:70,(anonymous_3)
FN:75,(anonymous_4)
FN:76,(anonymous_5)
FN:89,(anonymous_6)
FN:90,(anonymous_7)
FN:106,(anonymous_8)
FN:123,(anonymous_9)
FN:141,(anonymous_10)
FN:155,(anonymous_11)
FN:167,(anonymous_12)
FNF:13
FNH:11
FNDA:4,(anonymous_0)
FNDA:4,(anonymous_1)
FNDA:2,(anonymous_2)
FNDA:2,(anonymous_3)
FNDA:0,(anonymous_4)
FNDA:0,(anonymous_5)
FNDA:1,(anonymous_6)
FNDA:1,(anonymous_7)
FNDA:2,(anonymous_8)
FNDA:2,(anonymous_9)
FNDA:2,(anonymous_10)
FNDA:2,(anonymous_11)
FNDA:2,(anonymous_12)
DA:9,1
DA:10,1
DA:11,1
DA:13,1
DA:14,1
DA:15,1
DA:16,1
DA:28,4
DA:30,4
DA:42,4
DA:43,4
DA:45,4
DA:46,1
DA:47,3
DA:48,2
DA:49,1
DA:51,1
DA:52,1
DA:55,3
DA:69,2
DA:71,2
DA:72,2
DA:75,2
DA:76,2
DA:79,0
DA:90,1
DA:91,1
DA:92,1
DA:94,0
DA:107,2
DA:108,2
DA:109,1
DA:110,1
DA:111,1
DA:113,2
DA:124,2
DA:125,1
DA:126,1
DA:127,1
DA:128,1
DA:131,1
DA:142,2
DA:143,1
DA:144,1
DA:146,2
DA:156,2
DA:157,1
DA:158,1
DA:168,2
DA:169,2
DA:170,0
DA:175,1
LF:52
LH:49
BRDA:30,0,0,4
BRDA:30,0,1,1
BRDA:30,0,2,4
BRDA:45,1,0,1
BRDA:45,1,1,3
BRDA:47,2,0,2
BRDA:47,2,1,1
BRDA:48,3,0,1
BRDA:48,3,1,1
BRDA:55,4,0,1
BRDA:55,4,1,2
BRDA:55,5,0,3
BRDA:55,5,1,2
BRDA:91,6,0,1
BRDA:91,6,1,0
BRDA:91,7,0,1
BRDA:91,7,1,1
BRDA:108,8,0,1
BRDA:108,8,1,1
BRDA:108,9,0,2
BRDA:108,9,1,2
BRDA:110,10,0,1
BRDA:110,10,1,0
BRDA:110,11,0,1
BRDA:110,11,1,1
BRDA:124,12,0,1
BRDA:124,12,1,1
BRDA:124,13,0,2
BRDA:124,13,1,2
BRDA:142,14,0,1
BRDA:142,14,1,1
BRDA:156,15,0,1
BRDA:156,15,1,1
BRDA:156,16,0,2
BRDA:156,16,1,1
BRDA:168,17,0,2
BRDA:168,17,1,0
BRDA:168,18,0,2
BRDA:168,18,1,2
BRF:39
BRH:36
end_of_record
